2025-01-06 15:35:57 CST, DROUGHT, INFO, All the is prepared! the final file name is /app/prediction_result/waterAI_result.json
2025-01-06 15:47:35 CST, DROUGHT, INFO, All the is prepared! the final file name is /app/prediction_result/waterAI_result.json
2025-01-06 15:57:19 CST, DROUGHT, INFO, 
                ===================================
                XGBRegressor
                Information of the rain prediction from CWA
                發布日期：民國114年1月3日
                有效期間：自民國114年1月4日至114年1月31日
                下次預定發布日期：民國114年1月10日
                used date:
                20250104
                20250110
                20250117
                20250124
                20250131
2025-01-06 16:31:24 CST, DROUGHT, INFO, All the is prepared! the final file name is /app/prediction_result/waterAI_result.json
2025-01-06 16:32:06 CST, DROUGHT, INFO, All the is prepared! the final file name is /app/prediction_result/waterAI_result.json
2025-01-06 16:32:51 CST, DROUGHT, INFO, All the is prepared! the final file name is /app/prediction_result/waterAI_result.json
2025-01-06 16:44:07 CST, DROUGHT, INFO, All the is prepared! the final file name is /app/prediction_result/waterAI_result.json
2025-01-06 16:44:51 CST, DROUGHT, INFO, All the is prepared! the final file name is /app/prediction_result/waterAI_result.json
2025-01-06 16:52:44 CST, DROUGHT, INFO, All the is prepared! the final file name is /app/prediction_result/waterAI_result.json
2025-01-06 16:54:26 CST, DROUGHT, INFO, All the is prepared! the final file name is /app/prediction_result/waterAI_result.json
2025-01-06 17:09:43 CST, DROUGHT, INFO, 
                ===================================
                XGBRegressor
                Information of the rain prediction from CWA
                發布日期：民國114年1月3日
                有效期間：自民國114年1月4日至114年1月31日
                下次預定發布日期：民國114年1月10日
                used date:
                20250104
                20250110
                20250117
                20250124
                20250131
2025-01-06 17:30:45 CST, DROUGHT, INFO, All the is prepared! the final file name is /app/prediction_result/waterAI_result.json
2025-01-06 17:40:38 CST, DROUGHT, INFO, 
                ===================================
                XGBRegressor
                Information of the rain prediction from CWA
                發布日期：民國114年1月3日
                有效期間：自民國114年1月4日至114年1月31日
                下次預定發布日期：民國114年1月10日
                used date:
                20250104
                20250110
                20250117
                20250124
                20250131
