2025-01-02 16:07:16 CST, DROUGHT, INFO, All the is prepared! the final file name is /app/prediction_result/waterAI_result_20250102__.json
2025-01-02 16:07:47 CST, DROUGHT, INFO, All the is prepared! the final file name is /app/prediction_result/waterAI_result_20250102__.json
2025-01-02 16:45:02 CST, DROUGHT, INFO, All the is prepared! the final file name is /app/prediction_result/waterAI_result_20250102__.json
2025-01-02 16:46:23 CST, DROUGHT, INFO, All the is prepared! the final file name is /app/prediction_result/waterAI_result_20250102__.json
2025-01-02 16:48:40 CST, DROUGHT, INFO, All the is prepared! the final file name is /app/prediction_result/waterAI_result_20250102__.json
2025-01-02 16:49:43 CST, DROUGHT, INFO, All the is prepared! the final file name is /app/prediction_result/waterAI_result_20250102__.json
2025-01-02 16:50:45 CST, DROUGHT, INFO, All the is prepared! the final file name is /app/prediction_result/waterAI_result_20250102__.json
2025-01-02 16:52:21 CST, DROUGHT, INFO, All the is prepared! the final file name is /app/prediction_result/waterAI_result_20250102__.json
2025-01-02 16:52:55 CST, DROUGHT, INFO, All the is prepared! the final file name is /app/prediction_result/waterAI_result_20250102__.json
2025-01-02 17:15:13 CST, DROUGHT, INFO, 
                ===================================
                XGBRegressor
                Information of the rain prediction from CWA
                發布日期：民國113年12月27日
                有效期間：自民國113年12月28日至114年1月24日
                下次預定發布日期：民國114年1月3日
                used date:
                20241228
                20250103
                20250110
                20250117
                20250124
