2024-12-11 16:44:19 CST, DROUGHT, INFO, 
                ===================================
                XGBRegressor
                Information of the rain prediction from CWA
                發布日期：民國113年12月6日
                有效期間：自民國113年12月7日至114年1月3日
                下次預定發布日期：民國113年12月13日
                used date:
                20241207
                20241213
                20241220
                20241227
                20250103
2024-12-11 17:44:20 CST, DROUGHT, INFO, 
                ===================================
                XGBRegressor
                Information of the rain prediction from CWA
                發布日期：民國113年12月6日
                有效期間：自民國113年12月7日至114年1月3日
                下次預定發布日期：民國113年12月13日
                used date:
                20241207
                20241213
                20241220
                20241227
                20250103
2024-12-11 18:23:14 CST, DROUGHT, INFO, All the is prepared! the final file name is /app/prediction_result/waterAI_result_20241211__.json
2024-12-11 18:29:54 CST, DROUGHT, INFO, All the is prepared! the final file name is /app/prediction_result/waterAI_result_20241211__.json
2024-12-11 18:30:43 CST, DROUGHT, INFO, All the is prepared! the final file name is /app/prediction_result/waterAI_result_20241211__.json
2024-12-11 18:31:06 CST, DROUGHT, INFO, All the is prepared! the final file name is /app/prediction_result/waterAI_result_20241211__.json
2024-12-11 18:32:01 CST, DROUGHT, INFO, All the is prepared! the final file name is /app/prediction_result/waterAI_result_20241211__.json
2024-12-11 18:32:53 CST, DROUGHT, INFO, All the is prepared! the final file name is /app/prediction_result/waterAI_result_20241211__.json
2024-12-11 18:42:03 CST, DROUGHT, INFO, All the is prepared! the final file name is /app/prediction_result/waterAI_result_20241211__.json
